25-05-08.12:47:58.035 [main            ] INFO  Application            - Starting Application using Java 1.8.0_202 on LAPTOP-MEFU2P1B with PID 10700 (D:\Code\Develop\Java\xfg\s-pay-mall-mvc-dcq\s-pay-mall-web\target\classes started by 咳咳 in D:\Code\Develop\Java\xfg\s-pay-mall-mvc-dcq)
25-05-08.12:47:58.037 [main            ] INFO  Application            - The following 1 profile is active: "dev"
25-05-08.12:47:58.541 [main            ] INFO  TomcatWebServer        - Tomcat initialized with port(s): 8080 (http)
25-05-08.12:47:58.547 [main            ] INFO  Http11NioProtocol      - Initializing ProtocolHandler ["http-nio-8080"]
25-05-08.12:47:58.547 [main            ] INFO  StandardService        - Starting service [Tomcat]
25-05-08.12:47:58.547 [main            ] INFO  StandardEngine         - Starting Servlet engine: [Apache Tomcat/9.0.75]
25-05-08.12:47:58.634 [main            ] INFO  [/]                    - Initializing Spring embedded WebApplicationContext
25-05-08.12:47:58.634 [main            ] INFO  ServletWebServerApplicationContext - Root WebApplicationContext: initialization completed in 575 ms
25-05-08.12:47:58.831 [main            ] INFO  Http11NioProtocol      - Starting ProtocolHandler ["http-nio-8080"]
25-05-08.12:47:58.840 [main            ] INFO  TomcatWebServer        - Tomcat started on port(s): 8080 (http) with context path ''
25-05-08.12:47:58.844 [main            ] INFO  Application            - Started Application in 1.102 seconds (JVM running for 1.746)
25-05-08.12:48:03.428 [http-nio-8080-exec-1] INFO  [/]                    - Initializing Spring DispatcherServlet 'dispatcherServlet'
25-05-08.12:48:03.428 [http-nio-8080-exec-1] INFO  DispatcherServlet      - Initializing Servlet 'dispatcherServlet'
25-05-08.12:48:03.428 [http-nio-8080-exec-1] INFO  DispatcherServlet      - Completed initialization in 0 ms
25-05-08.12:48:03.442 [http-nio-8080-exec-1] INFO  WeixinPortalController - 微信公众号验签信息开始 [c44aad08c024a417ed7c7be0913eb4c996d28771, 1746679683, 162945563, 5338787047058290619]
25-05-08.12:48:03.446 [http-nio-8080-exec-1] INFO  WeixinPortalController - 微信公众号验签信息完成 check：true
25-05-08.14:33:10.102 [main            ] INFO  Application            - Starting Application using Java 1.8.0_202 on LAPTOP-MEFU2P1B with PID 17292 (D:\Code\Develop\Java\xfg\s-pay-mall-mvc-dcq\s-pay-mall-web\target\classes started by 咳咳 in D:\Code\Develop\Java\xfg\s-pay-mall-mvc-dcq)
25-05-08.14:33:10.103 [main            ] INFO  Application            - The following 1 profile is active: "dev"
25-05-08.14:33:10.533 [main            ] INFO  TomcatWebServer        - Tomcat initialized with port(s): 8080 (http)
25-05-08.14:33:10.537 [main            ] INFO  Http11NioProtocol      - Initializing ProtocolHandler ["http-nio-8080"]
25-05-08.14:33:10.538 [main            ] INFO  StandardService        - Starting service [Tomcat]
25-05-08.14:33:10.538 [main            ] INFO  StandardEngine         - Starting Servlet engine: [Apache Tomcat/9.0.75]
25-05-08.14:33:10.598 [main            ] INFO  [/]                    - Initializing Spring embedded WebApplicationContext
25-05-08.14:33:10.598 [main            ] INFO  ServletWebServerApplicationContext - Root WebApplicationContext: initialization completed in 476 ms
25-05-08.14:33:11.157 [main            ] INFO  Http11NioProtocol      - Starting ProtocolHandler ["http-nio-8080"]
25-05-08.14:33:11.166 [main            ] INFO  TomcatWebServer        - Tomcat started on port(s): 8080 (http) with context path ''
25-05-08.14:33:11.171 [main            ] INFO  Application            - Started Application in 1.318 seconds (JVM running for 1.893)
25-05-08.14:34:45.511 [http-nio-8080-exec-5] INFO  [/]                    - Initializing Spring DispatcherServlet 'dispatcherServlet'
25-05-08.14:34:45.511 [http-nio-8080-exec-5] INFO  DispatcherServlet      - Initializing Servlet 'dispatcherServlet'
25-05-08.14:34:45.511 [http-nio-8080-exec-5] INFO  DispatcherServlet      - Completed initialization in 0 ms
25-05-08.14:34:46.385 [http-nio-8080-exec-5] INFO  LoginController        - 生成微信扫码登录 ticket:gQHQ8DwAAAAAAAAAAS5odHRwOi8vd2VpeGluLnFxLmNvbS9xLzAyTmxxWk00YmplVkoxdTZ0MzFFMUoAAgSGUBxoAwQAjScA
25-05-08.14:37:21.951 [http-nio-8080-exec-3] INFO  LoginController        - 生成微信扫码登录 ticket:gQHf7zwAAAAAAAAAAS5odHRwOi8vd2VpeGluLnFxLmNvbS9xLzAyU0lnMk5oYmplVkoxc3l1M3hFMTAAAgQiURxoAwQAjScA
25-05-08.14:37:29.010 [http-nio-8080-exec-6] INFO  LoginController        - 生成微信扫码登录 ticket:gQHG7zwAAAAAAAAAAS5odHRwOi8vd2VpeGluLnFxLmNvbS9xLzAyak4yRU5rYmplVkoxc0Z1M3hFMXgAAgQpURxoAwQAjScA
25-05-08.14:37:30.872 [http-nio-8080-exec-7] INFO  LoginController        - 生成微信扫码登录 ticket:gQG_7zwAAAAAAAAAAS5odHRwOi8vd2VpeGluLnFxLmNvbS9xLzAyWXN4bk02YmplVkoxc0h1M05FMVkAAgQrURxoAwQAjScA
25-05-08.14:37:32.160 [http-nio-8080-exec-8] INFO  LoginController        - 生成微信扫码登录 ticket:gQHT7zwAAAAAAAAAAS5odHRwOi8vd2VpeGluLnFxLmNvbS9xLzAyclc2Wk5PYmplVkoxc0l1M2hFMWcAAgQsURxoAwQAjScA
25-05-08.14:38:27.813 [http-nio-8080-exec-9] INFO  LoginController        - 扫码检测登录结果 ticket:gQHT7zwAAAAAAAAAAS5odHRwOi8vd2VpeGluLnFxLmNvbS9xLzAyclc2Wk5PYmplVkoxc0l1M2hFMWcAAgQsURxoAwQAjScA openidToken:null
25-05-08.14:40:45.034 [http-nio-8080-exec-5] INFO  WeixinPortalController - 接收微信公众号信息请求oC9O57RFB4BQaXgMP7nmQXejGB5M开始 <xml><ToUserName><![CDATA[gh_2b28b39f45f4]]></ToUserName>
<FromUserName><![CDATA[oC9O57RFB4BQaXgMP7nmQXejGB5M]]></FromUserName>
<CreateTime>1746686445</CreateTime>
<MsgType><![CDATA[event]]></MsgType>
<Event><![CDATA[subscribe]]></Event>
<EventKey><![CDATA[qrscene_100601]]></EventKey>
<Ticket><![CDATA[gQHT7zwAAAAAAAAAAS5odHRwOi8vd2VpeGluLnFxLmNvbS9xLzAyclc2Wk5PYmplVkoxc0l1M2hFMWcAAgQsURxoAwQAjScA]]></Ticket>
</xml>
25-05-08.14:41:35.671 [http-nio-8080-exec-4] INFO  LoginController        - 扫码检测登录结果 ticket:gQHT7zwAAAAAAAAAAS5odHRwOi8vd2VpeGluLnFxLmNvbS9xLzAyclc2Wk5PYmplVkoxc0l1M2hFMWcAAgQsURxoAwQAjScA openidToken:null
25-05-08.14:41:37.704 [http-nio-8080-exec-3] INFO  LoginController        - 扫码检测登录结果 ticket:gQHT7zwAAAAAAAAAAS5odHRwOi8vd2VpeGluLnFxLmNvbS9xLzAyclc2Wk5PYmplVkoxc0l1M2hFMWcAAgQsURxoAwQAjScA openidToken:null
25-05-08.14:43:02.501 [http-nio-8080-exec-7] INFO  LoginController        - 扫码检测登录结果 ticket:gQHT7zwAAAAAAAAAAS5odHRwOi8vd2VpeGluLnFxLmNvbS9xLzAyclc2Wk5PYmplVkoxc0l1M2hFMWcAAgQsURxoAwQAjScA openidToken:null
25-05-08.14:43:10.230 [http-nio-8080-exec-8] INFO  WeixinPortalController - 接收微信公众号信息请求oC9O57RFB4BQaXgMP7nmQXejGB5M开始 <xml><ToUserName><![CDATA[gh_2b28b39f45f4]]></ToUserName>
<FromUserName><![CDATA[oC9O57RFB4BQaXgMP7nmQXejGB5M]]></FromUserName>
<CreateTime>1746686590</CreateTime>
<MsgType><![CDATA[text]]></MsgType>
<Content><![CDATA[你好]]></Content>
<MsgId>25006540314979065</MsgId>
</xml>
25-05-08.14:43:10.245 [http-nio-8080-exec-8] ERROR WeixinPortalController - 接收微信公众号信息请求oC9O57RFB4BQaXgMP7nmQXejGB5M失败 <xml><ToUserName><![CDATA[gh_2b28b39f45f4]]></ToUserName>
<FromUserName><![CDATA[oC9O57RFB4BQaXgMP7nmQXejGB5M]]></FromUserName>
<CreateTime>1746686590</CreateTime>
<MsgType><![CDATA[text]]></MsgType>
<Content><![CDATA[你好]]></Content>
<MsgId>25006540314979065</MsgId>
</xml>
com.thoughtworks.xstream.converters.reflection.AbstractReflectionConverter$UnknownFieldException: No such field org.example.common.weixin.MessageTextEntity.MsgId
---- Debugging information ----
message             : No such field org.example.common.weixin.MessageTextEntity.MsgId
field               : MsgId
class               : org.example.common.weixin.MessageTextEntity
required-type       : org.example.common.weixin.MessageTextEntity
converter-type      : com.thoughtworks.xstream.converters.reflection.ReflectionConverter
version             : 1.4.10
-------------------------------
	at com.thoughtworks.xstream.converters.reflection.AbstractReflectionConverter.handleUnknownField(AbstractReflectionConverter.java:524)
	at com.thoughtworks.xstream.converters.reflection.AbstractReflectionConverter.doUnmarshal(AbstractReflectionConverter.java:375)
	at com.thoughtworks.xstream.converters.reflection.AbstractReflectionConverter.unmarshal(AbstractReflectionConverter.java:281)
	at com.thoughtworks.xstream.core.TreeUnmarshaller.convert(TreeUnmarshaller.java:72)
	at com.thoughtworks.xstream.core.TreeUnmarshaller.convertAnother(TreeUnmarshaller.java:66)
	at com.thoughtworks.xstream.core.TreeUnmarshaller.convertAnother(TreeUnmarshaller.java:50)
	at com.thoughtworks.xstream.core.TreeUnmarshaller.start(TreeUnmarshaller.java:134)
	at com.thoughtworks.xstream.core.AbstractTreeMarshallingStrategy.unmarshal(AbstractTreeMarshallingStrategy.java:32)
	at com.thoughtworks.xstream.XStream.unmarshal(XStream.java:1486)
	at com.thoughtworks.xstream.XStream.unmarshal(XStream.java:1466)
	at com.thoughtworks.xstream.XStream.fromXML(XStream.java:1337)
	at com.thoughtworks.xstream.XStream.fromXML(XStream.java:1328)
	at org.example.common.weixin.XmlUtil.xmlToBean(XmlUtil.java:148)
	at org.example.controller.WeixinPortalController.post(WeixinPortalController.java:67)
	at sun.reflect.NativeMethodAccessorImpl.invoke0(Native Method)
	at sun.reflect.NativeMethodAccessorImpl.invoke(NativeMethodAccessorImpl.java:62)
	at sun.reflect.DelegatingMethodAccessorImpl.invoke(DelegatingMethodAccessorImpl.java:43)
	at java.lang.reflect.Method.invoke(Method.java:498)
	at org.springframework.web.method.support.InvocableHandlerMethod.doInvoke(InvocableHandlerMethod.java:205)
	at org.springframework.web.method.support.InvocableHandlerMethod.invokeForRequest(InvocableHandlerMethod.java:150)
	at org.springframework.web.servlet.mvc.method.annotation.ServletInvocableHandlerMethod.invokeAndHandle(ServletInvocableHandlerMethod.java:117)
	at org.springframework.web.servlet.mvc.method.annotation.RequestMappingHandlerAdapter.invokeHandlerMethod(RequestMappingHandlerAdapter.java:895)
	at org.springframework.web.servlet.mvc.method.annotation.RequestMappingHandlerAdapter.handleInternal(RequestMappingHandlerAdapter.java:808)
	at org.springframework.web.servlet.mvc.method.AbstractHandlerMethodAdapter.handle(AbstractHandlerMethodAdapter.java:87)
	at org.springframework.web.servlet.DispatcherServlet.doDispatch(DispatcherServlet.java:1072)
	at org.springframework.web.servlet.DispatcherServlet.doService(DispatcherServlet.java:965)
	at org.springframework.web.servlet.FrameworkServlet.processRequest(FrameworkServlet.java:1006)
	at org.springframework.web.servlet.FrameworkServlet.doPost(FrameworkServlet.java:909)
	at javax.servlet.http.HttpServlet.service(HttpServlet.java:555)
	at org.springframework.web.servlet.FrameworkServlet.service(FrameworkServlet.java:883)
	at javax.servlet.http.HttpServlet.service(HttpServlet.java:623)
	at org.apache.catalina.core.ApplicationFilterChain.internalDoFilter(ApplicationFilterChain.java:209)
	at org.apache.catalina.core.ApplicationFilterChain.doFilter(ApplicationFilterChain.java:153)
	at org.apache.tomcat.websocket.server.WsFilter.doFilter(WsFilter.java:51)
	at org.apache.catalina.core.ApplicationFilterChain.internalDoFilter(ApplicationFilterChain.java:178)
	at org.apache.catalina.core.ApplicationFilterChain.doFilter(ApplicationFilterChain.java:153)
	at org.springframework.web.filter.RequestContextFilter.doFilterInternal(RequestContextFilter.java:100)
	at org.springframework.web.filter.OncePerRequestFilter.doFilter(OncePerRequestFilter.java:117)
	at org.apache.catalina.core.ApplicationFilterChain.internalDoFilter(ApplicationFilterChain.java:178)
	at org.apache.catalina.core.ApplicationFilterChain.doFilter(ApplicationFilterChain.java:153)
	at org.springframework.web.filter.FormContentFilter.doFilterInternal(FormContentFilter.java:93)
	at org.springframework.web.filter.OncePerRequestFilter.doFilter(OncePerRequestFilter.java:117)
	at org.apache.catalina.core.ApplicationFilterChain.internalDoFilter(ApplicationFilterChain.java:178)
	at org.apache.catalina.core.ApplicationFilterChain.doFilter(ApplicationFilterChain.java:153)
	at org.springframework.web.filter.CharacterEncodingFilter.doFilterInternal(CharacterEncodingFilter.java:201)
	at org.springframework.web.filter.OncePerRequestFilter.doFilter(OncePerRequestFilter.java:117)
	at org.apache.catalina.core.ApplicationFilterChain.internalDoFilter(ApplicationFilterChain.java:178)
	at org.apache.catalina.core.ApplicationFilterChain.doFilter(ApplicationFilterChain.java:153)
	at org.apache.catalina.core.StandardWrapperValve.invoke(StandardWrapperValve.java:167)
	at org.apache.catalina.core.StandardContextValve.invoke(StandardContextValve.java:90)
	at org.apache.catalina.authenticator.AuthenticatorBase.invoke(AuthenticatorBase.java:481)
	at org.apache.catalina.core.StandardHostValve.invoke(StandardHostValve.java:130)
	at org.apache.catalina.valves.ErrorReportValve.invoke(ErrorReportValve.java:93)
	at org.apache.catalina.core.StandardEngineValve.invoke(StandardEngineValve.java:74)
	at org.apache.catalina.connector.CoyoteAdapter.service(CoyoteAdapter.java:343)
	at org.apache.coyote.http11.Http11Processor.service(Http11Processor.java:390)
	at org.apache.coyote.AbstractProcessorLight.process(AbstractProcessorLight.java:63)
	at org.apache.coyote.AbstractProtocol$ConnectionHandler.process(AbstractProtocol.java:926)
	at org.apache.tomcat.util.net.NioEndpoint$SocketProcessor.doRun(NioEndpoint.java:1791)
	at org.apache.tomcat.util.net.SocketProcessorBase.run(SocketProcessorBase.java:52)
	at org.apache.tomcat.util.threads.ThreadPoolExecutor.runWorker(ThreadPoolExecutor.java:1191)
	at org.apache.tomcat.util.threads.ThreadPoolExecutor$Worker.run(ThreadPoolExecutor.java:659)
	at org.apache.tomcat.util.threads.TaskThread$WrappingRunnable.run(TaskThread.java:61)
	at java.lang.Thread.run(Thread.java:748)
25-05-10.13:08:15.214 [main            ] INFO  Application            - Starting Application using Java 1.8.0_202 on LAPTOP-MEFU2P1B with PID 17108 (D:\Code\Develop\Java\xfg\s-pay-mall-mvc-dcq\s-pay-mall-web\target\classes started by 咳咳 in D:\Code\Develop\Java\xfg\s-pay-mall-mvc-dcq)
25-05-10.13:08:15.215 [main            ] INFO  Application            - The following 1 profile is active: "dev"
25-05-10.13:08:15.721 [main            ] INFO  TomcatWebServer        - Tomcat initialized with port(s): 8080 (http)
25-05-10.13:08:15.727 [main            ] INFO  Http11NioProtocol      - Initializing ProtocolHandler ["http-nio-8080"]
25-05-10.13:08:15.727 [main            ] INFO  StandardService        - Starting service [Tomcat]
25-05-10.13:08:15.727 [main            ] INFO  StandardEngine         - Starting Servlet engine: [Apache Tomcat/9.0.75]
25-05-10.13:08:15.796 [main            ] INFO  [/]                    - Initializing Spring embedded WebApplicationContext
25-05-10.13:08:15.796 [main            ] INFO  ServletWebServerApplicationContext - Root WebApplicationContext: initialization completed in 557 ms
25-05-10.13:08:16.424 [main            ] INFO  Http11NioProtocol      - Starting ProtocolHandler ["http-nio-8080"]
25-05-10.13:08:16.436 [main            ] INFO  TomcatWebServer        - Tomcat started on port(s): 8080 (http) with context path ''
25-05-10.13:08:16.446 [main            ] INFO  Application            - Started Application in 1.556 seconds (JVM running for 2.223)
25-05-10.13:11:35.248 [http-nio-8080-exec-2] INFO  [/]                    - Initializing Spring DispatcherServlet 'dispatcherServlet'
25-05-10.13:11:35.248 [http-nio-8080-exec-2] INFO  DispatcherServlet      - Initializing Servlet 'dispatcherServlet'
25-05-10.13:11:35.249 [http-nio-8080-exec-2] INFO  DispatcherServlet      - Completed initialization in 1 ms
25-05-10.13:11:36.254 [http-nio-8080-exec-2] INFO  LoginController        - 生成微信扫码登录 ticket:gQGq8DwAAAAAAAAAAS5odHRwOi8vd2VpeGluLnFxLmNvbS9xLzAyRktjZE5KYmplVkoxazlKNnhFMVgAAgQJ4B5oAwQAjScA
25-05-10.13:11:51.818 [http-nio-8080-exec-5] INFO  WeixinPortalController - 接收微信公众号信息请求oC9O57RFB4BQaXgMP7nmQXejGB5M开始 <xml><ToUserName><![CDATA[gh_2b28b39f45f4]]></ToUserName>
<FromUserName><![CDATA[oC9O57RFB4BQaXgMP7nmQXejGB5M]]></FromUserName>
<CreateTime>1746853912</CreateTime>
<MsgType><![CDATA[event]]></MsgType>
<Event><![CDATA[SCAN]]></Event>
<EventKey><![CDATA[100601]]></EventKey>
<Ticket><![CDATA[gQGq8DwAAAAAAAAAAS5odHRwOi8vd2VpeGluLnFxLmNvbS9xLzAyRktjZE5KYmplVkoxazlKNnhFMVgAAgQJ4B5oAwQAjScA]]></Ticket>
</xml>
25-05-10.13:11:53.237 [http-nio-8080-exec-3] INFO  WeixinPortalController - 接收微信公众号信息请求oC9O57RFB4BQaXgMP7nmQXejGB5M开始 <xml><ToUserName><![CDATA[gh_2b28b39f45f4]]></ToUserName>
<FromUserName><![CDATA[oC9O57RFB4BQaXgMP7nmQXejGB5M]]></FromUserName>
<CreateTime>1746853914</CreateTime>
<MsgType><![CDATA[event]]></MsgType>
<Event><![CDATA[TEMPLATESENDJOBFINISH]]></Event>
<MsgID>3980589821331996679</MsgID>
<Status><![CDATA[success]]></Status>
</xml>
25-05-10.13:12:03.811 [http-nio-8080-exec-6] INFO  LoginController        - 扫码检测登录结果 ticket:gQGq8DwAAAAAAAAAAS5odHRwOi8vd2VpeGluLnFxLmNvbS9xLzAyRktjZE5KYmplVkoxazlKNnhFMVgAAgQJ4B5oAwQAjScA openidToken:oC9O57RFB4BQaXgMP7nmQXejGB5M
25-05-10.16:02:20.888 [main            ] INFO  Application            - Starting Application using Java 1.8.0_202 on LAPTOP-MEFU2P1B with PID 30424 (D:\Code\Develop\Java\xfg\s-pay-mall-mvc-dcq\s-pay-mall-web\target\classes started by 咳咳 in D:\Code\Develop\Java\xfg\s-pay-mall-mvc-dcq)
25-05-10.16:02:20.890 [main            ] INFO  Application            - The following 1 profile is active: "dev"
25-05-10.16:02:21.315 [main            ] INFO  TomcatWebServer        - Tomcat initialized with port(s): 8080 (http)
25-05-10.16:02:21.318 [main            ] INFO  Http11NioProtocol      - Initializing ProtocolHandler ["http-nio-8080"]
25-05-10.16:02:21.318 [main            ] INFO  StandardService        - Starting service [Tomcat]
25-05-10.16:02:21.318 [main            ] INFO  StandardEngine         - Starting Servlet engine: [Apache Tomcat/9.0.75]
25-05-10.16:02:21.379 [main            ] INFO  [/]                    - Initializing Spring embedded WebApplicationContext
25-05-10.16:02:21.379 [main            ] INFO  ServletWebServerApplicationContext - Root WebApplicationContext: initialization completed in 475 ms
25-05-10.16:02:21.935 [main            ] INFO  Http11NioProtocol      - Starting ProtocolHandler ["http-nio-8080"]
25-05-10.16:02:21.942 [main            ] INFO  TomcatWebServer        - Tomcat started on port(s): 8080 (http) with context path ''
25-05-10.16:02:21.947 [main            ] INFO  Application            - Started Application in 1.263 seconds (JVM running for 1.749)
25-05-10.16:04:09.984 [http-nio-8080-exec-6] INFO  [/]                    - Initializing Spring DispatcherServlet 'dispatcherServlet'
25-05-10.16:04:09.984 [http-nio-8080-exec-6] INFO  DispatcherServlet      - Initializing Servlet 'dispatcherServlet'
25-05-10.16:04:09.985 [http-nio-8080-exec-6] INFO  DispatcherServlet      - Completed initialization in 1 ms
25-05-10.16:04:10.000 [http-nio-8080-exec-6] WARN  DefaultHandlerExceptionResolver - Resolved [org.springframework.http.converter.HttpMessageNotReadableException: Required request body is missing: public org.example.common.response.Response<java.lang.String> org.example.controller.AliPayController.createPayOrder(org.example.controller.dto.CreatePayRequestDTO)]
25-05-10.16:06:04.283 [http-nio-8080-exec-4] WARN  DefaultHandlerExceptionResolver - Resolved [org.springframework.web.HttpMediaTypeNotSupportedException: Content type 'text/plain;charset=UTF-8' not supported]
25-05-10.16:07:17.683 [http-nio-8080-exec-5] INFO  AliPayController       - 商品下单，根据商品ID创建支付单开始 userId:10001 productId:10001
25-05-10.16:07:17.697 [http-nio-8080-exec-5] INFO  HikariDataSource       - HikariPool-1 - Starting...
25-05-10.16:07:17.783 [http-nio-8080-exec-5] INFO  HikariDataSource       - HikariPool-1 - Start completed.
25-05-10.16:07:17.809 [http-nio-8080-exec-5] INFO  AliPayController       - 商品下单，根据商品ID创建支付单完成 userId:10001 productId:100001 orderId:1989324248536101
25-05-10.16:08:57.728 [http-nio-8080-exec-10] INFO  AliPayController       - 商品下单，根据商品ID创建支付单开始 userId:10001 productId:10001
25-05-10.16:08:57.732 [http-nio-8080-exec-10] INFO  OrderServiceImpl       - 创建订单-存在，存在未创建支付单订单，创建支付单开始 userId:10001 productId:100001 orderId:1989324248536101
25-05-10.16:08:57.789 [http-nio-8080-exec-10] INFO  AliPayController       - 商品下单，根据商品ID创建支付单完成 userId:10001 productId:100001 orderId:1989324248536101
25-05-10.16:09:50.472 [http-nio-8080-exec-1] INFO  AliPayController       - 商品下单，根据商品ID创建支付单开始 userId:10001 productId:10001
25-05-10.16:09:50.487 [http-nio-8080-exec-1] INFO  AliPayController       - 商品下单，根据商品ID创建支付单完成 userId:10001 productId:100001 orderId:2512670680310308
25-05-10.16:09:52.796 [http-nio-8080-exec-6] INFO  AliPayController       - 商品下单，根据商品ID创建支付单开始 userId:10001 productId:10001
25-05-10.16:09:52.798 [http-nio-8080-exec-6] INFO  OrderServiceImpl       - 创建订单-存在，存在未创建支付单订单，创建支付单开始 userId:10001 productId:100001 orderId:2512670680310308
25-05-10.16:09:52.810 [http-nio-8080-exec-6] INFO  AliPayController       - 商品下单，根据商品ID创建支付单完成 userId:10001 productId:100001 orderId:2512670680310308
25-05-10.16:09:55.337 [http-nio-8080-exec-9] INFO  AliPayController       - 商品下单，根据商品ID创建支付单开始 userId:10001 productId:10001
25-05-10.16:09:55.338 [http-nio-8080-exec-9] INFO  OrderServiceImpl       - 创建订单-存在，已存在未支付订单。userId:10001 productId:100001 orderId:2512670680310308
25-05-10.16:09:55.338 [http-nio-8080-exec-9] INFO  AliPayController       - 商品下单，根据商品ID创建支付单完成 userId:10001 productId:100001 orderId:2512670680310308
25-05-10.16:09:57.601 [http-nio-8080-exec-4] INFO  AliPayController       - 商品下单，根据商品ID创建支付单开始 userId:10001 productId:10001
25-05-10.16:09:57.603 [http-nio-8080-exec-4] INFO  OrderServiceImpl       - 创建订单-存在，已存在未支付订单。userId:10001 productId:100001 orderId:2512670680310308
25-05-10.16:09:57.603 [http-nio-8080-exec-4] INFO  AliPayController       - 商品下单，根据商品ID创建支付单完成 userId:10001 productId:100001 orderId:2512670680310308
25-05-10.16:10:07.263 [http-nio-8080-exec-2] INFO  AliPayController       - 商品下单，根据商品ID创建支付单开始 userId:10001 productId:10001
25-05-10.16:10:07.265 [http-nio-8080-exec-2] INFO  OrderServiceImpl       - 创建订单-存在，已存在未支付订单。userId:10001 productId:100001 orderId:2512670680310308
25-05-10.16:10:07.265 [http-nio-8080-exec-2] INFO  AliPayController       - 商品下单，根据商品ID创建支付单完成 userId:10001 productId:100001 orderId:2512670680310308
25-05-10.16:13:01.538 [http-nio-8080-exec-7] INFO  AliPayController       - 商品下单，根据商品ID创建支付单开始 userId:10001 productId:10001
25-05-10.16:13:01.546 [http-nio-8080-exec-7] INFO  AliPayController       - 商品下单，根据商品ID创建支付单完成 userId:10001 productId:100001 orderId:6529095972807128
25-05-10.16:16:56.746 [http-nio-8080-exec-1] INFO  AliPayController       - 商品下单，根据商品ID创建支付单开始 userId:10001 productId:10001
25-05-10.16:16:56.749 [http-nio-8080-exec-1] INFO  OrderServiceImpl       - 创建订单-存在，存在未创建支付单订单，创建支付单开始 userId:10001 productId:100001 orderId:6529095972807128
25-05-10.16:16:56.769 [http-nio-8080-exec-1] INFO  AliPayController       - 商品下单，根据商品ID创建支付单完成 userId:10001 productId:100001 orderId:6529095972807128
25-05-10.16:17:06.199 [http-nio-8080-exec-6] INFO  AliPayController       - 商品下单，根据商品ID创建支付单开始 userId:10001 productId:10001
25-05-10.16:17:06.202 [http-nio-8080-exec-6] INFO  OrderServiceImpl       - 创建订单-存在，已存在未支付订单。userId:10001 productId:100001 orderId:6529095972807128
25-05-10.16:17:06.202 [http-nio-8080-exec-6] INFO  AliPayController       - 商品下单，根据商品ID创建支付单完成 userId:10001 productId:100001 orderId:6529095972807128
25-05-10.16:17:09.846 [http-nio-8080-exec-9] INFO  AliPayController       - 商品下单，根据商品ID创建支付单开始 userId:10001 productId:10001
25-05-10.16:17:09.847 [http-nio-8080-exec-9] INFO  OrderServiceImpl       - 创建订单-存在，已存在未支付订单。userId:10001 productId:100001 orderId:6529095972807128
25-05-10.16:17:09.847 [http-nio-8080-exec-9] INFO  AliPayController       - 商品下单，根据商品ID创建支付单完成 userId:10001 productId:100001 orderId:6529095972807128
25-05-10.16:17:16.971 [http-nio-8080-exec-4] INFO  AliPayController       - 商品下单，根据商品ID创建支付单开始 userId:10001 productId:10001
25-05-10.16:17:16.972 [http-nio-8080-exec-4] INFO  OrderServiceImpl       - 创建订单-存在，已存在未支付订单。userId:10001 productId:100001 orderId:6529095972807128
25-05-10.16:17:16.972 [http-nio-8080-exec-4] INFO  AliPayController       - 商品下单，根据商品ID创建支付单完成 userId:10001 productId:100001 orderId:6529095972807128
25-05-10.16:22:21.733 [http-nio-8080-exec-5] INFO  AliPayController       - 商品下单，根据商品ID创建支付单开始 userId:10001 productId:10001
25-05-10.16:22:21.735 [http-nio-8080-exec-5] INFO  OrderServiceImpl       - 创建订单-存在，已存在未支付订单。userId:10001 productId:100001 orderId:6529095972807128
25-05-10.16:22:21.735 [http-nio-8080-exec-5] INFO  AliPayController       - 商品下单，根据商品ID创建支付单完成 userId:10001 productId:100001 orderId:6529095972807128
25-05-10.16:22:22.627 [http-nio-8080-exec-7] INFO  AliPayController       - 商品下单，根据商品ID创建支付单开始 userId:10001 productId:10001
25-05-10.16:22:22.629 [http-nio-8080-exec-7] INFO  OrderServiceImpl       - 创建订单-存在，已存在未支付订单。userId:10001 productId:100001 orderId:6529095972807128
25-05-10.16:22:22.629 [http-nio-8080-exec-7] INFO  AliPayController       - 商品下单，根据商品ID创建支付单完成 userId:10001 productId:100001 orderId:6529095972807128
25-05-10.16:22:23.446 [http-nio-8080-exec-3] INFO  AliPayController       - 商品下单，根据商品ID创建支付单开始 userId:10001 productId:10001
25-05-10.16:22:23.448 [http-nio-8080-exec-3] INFO  OrderServiceImpl       - 创建订单-存在，已存在未支付订单。userId:10001 productId:100001 orderId:6529095972807128
25-05-10.16:22:23.448 [http-nio-8080-exec-3] INFO  AliPayController       - 商品下单，根据商品ID创建支付单完成 userId:10001 productId:100001 orderId:6529095972807128
25-05-10.16:22:23.949 [http-nio-8080-exec-10] INFO  AliPayController       - 商品下单，根据商品ID创建支付单开始 userId:10001 productId:10001
25-05-10.16:22:23.950 [http-nio-8080-exec-10] INFO  OrderServiceImpl       - 创建订单-存在，已存在未支付订单。userId:10001 productId:100001 orderId:6529095972807128
25-05-10.16:22:23.950 [http-nio-8080-exec-10] INFO  AliPayController       - 商品下单，根据商品ID创建支付单完成 userId:10001 productId:100001 orderId:6529095972807128
25-05-10.16:22:24.505 [http-nio-8080-exec-1] INFO  AliPayController       - 商品下单，根据商品ID创建支付单开始 userId:10001 productId:10001
25-05-10.16:22:24.508 [http-nio-8080-exec-1] INFO  OrderServiceImpl       - 创建订单-存在，已存在未支付订单。userId:10001 productId:100001 orderId:6529095972807128
25-05-10.16:22:24.508 [http-nio-8080-exec-1] INFO  AliPayController       - 商品下单，根据商品ID创建支付单完成 userId:10001 productId:100001 orderId:6529095972807128
25-05-10.16:22:25.097 [http-nio-8080-exec-6] INFO  AliPayController       - 商品下单，根据商品ID创建支付单开始 userId:10001 productId:10001
25-05-10.16:22:25.099 [http-nio-8080-exec-6] INFO  OrderServiceImpl       - 创建订单-存在，已存在未支付订单。userId:10001 productId:100001 orderId:6529095972807128
25-05-10.16:22:25.099 [http-nio-8080-exec-6] INFO  AliPayController       - 商品下单，根据商品ID创建支付单完成 userId:10001 productId:100001 orderId:6529095972807128
25-05-10.16:22:25.634 [http-nio-8080-exec-9] INFO  AliPayController       - 商品下单，根据商品ID创建支付单开始 userId:10001 productId:10001
25-05-10.16:22:25.637 [http-nio-8080-exec-9] INFO  OrderServiceImpl       - 创建订单-存在，已存在未支付订单。userId:10001 productId:100001 orderId:6529095972807128
25-05-10.16:22:25.637 [http-nio-8080-exec-9] INFO  AliPayController       - 商品下单，根据商品ID创建支付单完成 userId:10001 productId:100001 orderId:6529095972807128
25-05-10.16:22:26.227 [http-nio-8080-exec-4] INFO  AliPayController       - 商品下单，根据商品ID创建支付单开始 userId:10001 productId:10001
25-05-10.16:22:26.228 [http-nio-8080-exec-4] INFO  OrderServiceImpl       - 创建订单-存在，已存在未支付订单。userId:10001 productId:100001 orderId:6529095972807128
25-05-10.16:22:26.228 [http-nio-8080-exec-4] INFO  AliPayController       - 商品下单，根据商品ID创建支付单完成 userId:10001 productId:100001 orderId:6529095972807128
25-05-10.16:22:26.663 [http-nio-8080-exec-2] INFO  AliPayController       - 商品下单，根据商品ID创建支付单开始 userId:10001 productId:10001
25-05-10.16:22:26.665 [http-nio-8080-exec-2] INFO  OrderServiceImpl       - 创建订单-存在，已存在未支付订单。userId:10001 productId:100001 orderId:6529095972807128
25-05-10.16:22:26.665 [http-nio-8080-exec-2] INFO  AliPayController       - 商品下单，根据商品ID创建支付单完成 userId:10001 productId:100001 orderId:6529095972807128
25-05-10.16:22:27.255 [http-nio-8080-exec-8] INFO  AliPayController       - 商品下单，根据商品ID创建支付单开始 userId:10001 productId:10001
25-05-10.16:22:27.256 [http-nio-8080-exec-8] INFO  OrderServiceImpl       - 创建订单-存在，已存在未支付订单。userId:10001 productId:100001 orderId:6529095972807128
25-05-10.16:22:27.256 [http-nio-8080-exec-8] INFO  AliPayController       - 商品下单，根据商品ID创建支付单完成 userId:10001 productId:100001 orderId:6529095972807128
25-05-10.16:24:43.960 [SpringApplicationShutdownHook] INFO  HikariDataSource       - HikariPool-1 - Shutdown initiated...
25-05-10.16:24:43.964 [SpringApplicationShutdownHook] INFO  HikariDataSource       - HikariPool-1 - Shutdown completed.
25-05-10.16:24:47.911 [main            ] INFO  Application            - Starting Application using Java 1.8.0_202 on LAPTOP-MEFU2P1B with PID 25956 (D:\Code\Develop\Java\xfg\s-pay-mall-mvc-dcq\s-pay-mall-web\target\classes started by 咳咳 in D:\Code\Develop\Java\xfg\s-pay-mall-mvc-dcq)
25-05-10.16:24:47.912 [main            ] INFO  Application            - The following 1 profile is active: "dev"
25-05-10.16:24:48.352 [main            ] INFO  TomcatWebServer        - Tomcat initialized with port(s): 8080 (http)
25-05-10.16:24:48.355 [main            ] INFO  Http11NioProtocol      - Initializing ProtocolHandler ["http-nio-8080"]
25-05-10.16:24:48.357 [main            ] INFO  StandardService        - Starting service [Tomcat]
25-05-10.16:24:48.357 [main            ] INFO  StandardEngine         - Starting Servlet engine: [Apache Tomcat/9.0.75]
25-05-10.16:24:48.420 [main            ] INFO  [/]                    - Initializing Spring embedded WebApplicationContext
25-05-10.16:24:48.421 [main            ] INFO  ServletWebServerApplicationContext - Root WebApplicationContext: initialization completed in 490 ms
25-05-10.16:24:49.034 [main            ] INFO  Http11NioProtocol      - Starting ProtocolHandler ["http-nio-8080"]
25-05-10.16:24:49.042 [main            ] INFO  TomcatWebServer        - Tomcat started on port(s): 8080 (http) with context path ''
25-05-10.16:24:49.047 [main            ] INFO  Application            - Started Application in 1.359 seconds (JVM running for 1.848)
25-05-10.16:24:58.365 [http-nio-8080-exec-1] INFO  [/]                    - Initializing Spring DispatcherServlet 'dispatcherServlet'
25-05-10.16:24:58.365 [http-nio-8080-exec-1] INFO  DispatcherServlet      - Initializing Servlet 'dispatcherServlet'
25-05-10.16:24:58.367 [http-nio-8080-exec-1] INFO  DispatcherServlet      - Completed initialization in 2 ms
25-05-10.16:24:58.405 [http-nio-8080-exec-1] INFO  AliPayController       - 商品下单，根据商品ID创建支付单开始 userId:10001 productId:10001
25-05-10.16:24:58.415 [http-nio-8080-exec-1] INFO  HikariDataSource       - HikariPool-1 - Starting...
25-05-10.16:24:58.521 [http-nio-8080-exec-1] INFO  HikariDataSource       - HikariPool-1 - Start completed.
25-05-10.16:24:58.607 [http-nio-8080-exec-1] INFO  AliPayController       - 商品下单，根据商品ID创建支付单完成 userId:10001 productId:100001 orderId:8990816926331389
25-05-10.16:25:38.623 [SpringApplicationShutdownHook] INFO  HikariDataSource       - HikariPool-1 - Shutdown initiated...
25-05-10.16:25:38.626 [SpringApplicationShutdownHook] INFO  HikariDataSource       - HikariPool-1 - Shutdown completed.
25-05-10.16:25:41.874 [main            ] INFO  Application            - Starting Application using Java 1.8.0_202 on LAPTOP-MEFU2P1B with PID 30384 (D:\Code\Develop\Java\xfg\s-pay-mall-mvc-dcq\s-pay-mall-web\target\classes started by 咳咳 in D:\Code\Develop\Java\xfg\s-pay-mall-mvc-dcq)
25-05-10.16:25:41.875 [main            ] INFO  Application            - The following 1 profile is active: "dev"
25-05-10.16:25:42.304 [main            ] INFO  TomcatWebServer        - Tomcat initialized with port(s): 8080 (http)
25-05-10.16:25:42.308 [main            ] INFO  Http11NioProtocol      - Initializing ProtocolHandler ["http-nio-8080"]
25-05-10.16:25:42.308 [main            ] INFO  StandardService        - Starting service [Tomcat]
25-05-10.16:25:42.308 [main            ] INFO  StandardEngine         - Starting Servlet engine: [Apache Tomcat/9.0.75]
25-05-10.16:25:42.368 [main            ] INFO  [/]                    - Initializing Spring embedded WebApplicationContext
25-05-10.16:25:42.368 [main            ] INFO  ServletWebServerApplicationContext - Root WebApplicationContext: initialization completed in 476 ms
25-05-10.16:25:42.934 [main            ] INFO  Http11NioProtocol      - Starting ProtocolHandler ["http-nio-8080"]
25-05-10.16:25:42.942 [main            ] INFO  TomcatWebServer        - Tomcat started on port(s): 8080 (http) with context path ''
25-05-10.16:25:42.947 [main            ] INFO  Application            - Started Application in 1.305 seconds (JVM running for 1.823)
25-05-10.16:25:52.055 [http-nio-8080-exec-7] INFO  [/]                    - Initializing Spring DispatcherServlet 'dispatcherServlet'
25-05-10.16:25:52.055 [http-nio-8080-exec-7] INFO  DispatcherServlet      - Initializing Servlet 'dispatcherServlet'
25-05-10.16:25:52.056 [http-nio-8080-exec-7] INFO  DispatcherServlet      - Completed initialization in 1 ms
25-05-10.16:25:52.095 [http-nio-8080-exec-7] INFO  AliPayController       - 商品下单，根据商品ID创建支付单开始 userId:10001 productId:10001
25-05-10.16:25:52.104 [http-nio-8080-exec-7] INFO  HikariDataSource       - HikariPool-1 - Starting...
25-05-10.16:25:52.203 [http-nio-8080-exec-7] INFO  HikariDataSource       - HikariPool-1 - Start completed.
25-05-10.16:25:52.294 [http-nio-8080-exec-7] INFO  AliPayController       - 商品下单，根据商品ID创建支付单完成 userId:10001 productId:100001 orderId:7327583494244209
25-05-10.16:27:57.222 [SpringApplicationShutdownHook] INFO  HikariDataSource       - HikariPool-1 - Shutdown initiated...
25-05-10.16:27:57.227 [SpringApplicationShutdownHook] INFO  HikariDataSource       - HikariPool-1 - Shutdown completed.
25-05-10.19:44:33.823 [main            ] INFO  Application            - Starting Application using Java 1.8.0_202 on LAPTOP-MEFU2P1B with PID 25540 (D:\Code\Develop\Java\xfg\s-pay-mall-mvc-dcq\s-pay-mall-web\target\classes started by 咳咳 in D:\Code\Develop\Java\xfg\s-pay-mall-mvc-dcq)
25-05-10.19:44:33.824 [main            ] INFO  Application            - The following 1 profile is active: "dev"
25-05-10.19:44:34.241 [main            ] INFO  TomcatWebServer        - Tomcat initialized with port(s): 8080 (http)
25-05-10.19:44:34.244 [main            ] INFO  Http11NioProtocol      - Initializing ProtocolHandler ["http-nio-8080"]
25-05-10.19:44:34.245 [main            ] INFO  StandardService        - Starting service [Tomcat]
25-05-10.19:44:34.245 [main            ] INFO  StandardEngine         - Starting Servlet engine: [Apache Tomcat/9.0.75]
25-05-10.19:44:34.301 [main            ] INFO  [/]                    - Initializing Spring embedded WebApplicationContext
25-05-10.19:44:34.301 [main            ] INFO  ServletWebServerApplicationContext - Root WebApplicationContext: initialization completed in 460 ms
25-05-10.19:44:34.854 [main            ] INFO  Http11NioProtocol      - Starting ProtocolHandler ["http-nio-8080"]
25-05-10.19:44:34.860 [main            ] INFO  TomcatWebServer        - Tomcat started on port(s): 8080 (http) with context path ''
25-05-10.19:44:34.865 [main            ] INFO  Application            - Started Application in 1.235 seconds (JVM running for 1.713)
25-05-10.19:47:32.418 [http-nio-8080-exec-2] INFO  [/]                    - Initializing Spring DispatcherServlet 'dispatcherServlet'
25-05-10.19:47:32.419 [http-nio-8080-exec-2] INFO  DispatcherServlet      - Initializing Servlet 'dispatcherServlet'
25-05-10.19:47:32.419 [http-nio-8080-exec-2] INFO  DispatcherServlet      - Completed initialization in 0 ms
25-05-10.19:47:32.466 [http-nio-8080-exec-2] INFO  AliPayController       - 商品下单，根据商品ID创建支付单开始 userId:10001 productId:10001
25-05-10.19:47:32.475 [http-nio-8080-exec-2] INFO  HikariDataSource       - HikariPool-1 - Starting...
25-05-10.19:47:32.594 [http-nio-8080-exec-2] INFO  HikariDataSource       - HikariPool-1 - Start completed.
25-05-10.19:47:32.694 [http-nio-8080-exec-2] INFO  AliPayController       - 商品下单，根据商品ID创建支付单完成 userId:10001 productId:100001 orderId:1744010827910238
25-05-10.19:50:23.340 [http-nio-8080-exec-5] INFO  AliPayController       - 支付回调，消息接收 TRADE_SUCCESS
25-05-10.19:50:23.340 [http-nio-8080-exec-5] INFO  AliPayController       - 支付回调，交易名称: 测试商品
25-05-10.19:50:23.340 [http-nio-8080-exec-5] INFO  AliPayController       - 支付回调，交易状态: TRADE_SUCCESS
25-05-10.19:50:23.340 [http-nio-8080-exec-5] INFO  AliPayController       - 支付回调，支付宝交易凭证号: 2025051022001436290506195391
25-05-10.19:50:23.340 [http-nio-8080-exec-5] INFO  AliPayController       - 支付回调，商户订单号: 1744010827910238
25-05-10.19:50:23.340 [http-nio-8080-exec-5] INFO  AliPayController       - 支付回调，交易金额: 1.68
25-05-10.19:50:23.340 [http-nio-8080-exec-5] INFO  AliPayController       - 支付回调，买家在支付宝唯一id: 2088722067136291
25-05-10.19:50:23.340 [http-nio-8080-exec-5] INFO  AliPayController       - 支付回调，买家付款时间: 2025-05-10 19:50:23
25-05-10.19:50:23.340 [http-nio-8080-exec-5] INFO  AliPayController       - 支付回调，买家付款金额: 1.68
25-05-10.19:50:23.340 [http-nio-8080-exec-5] INFO  AliPayController       - 支付回调，支付回调，更新订单 1744010827910238
25-05-10.19:50:23.366 [http-nio-8080-exec-5] INFO  OrderPaySuccessListener - 收到支付成功消息，可以做接下来的事情，如；发货、充值、开户员、返利 {"orderId":"1744010827910238","status":"PAY_SUCCESS"}
25-05-10.20:37:39.021 [SpringApplicationShutdownHook] INFO  HikariDataSource       - HikariPool-1 - Shutdown initiated...
25-05-10.20:37:39.031 [SpringApplicationShutdownHook] INFO  HikariDataSource       - HikariPool-1 - Shutdown completed.
25-05-10.20:39:06.288 [main            ] INFO  Application            - Starting Application using Java 1.8.0_202 on LAPTOP-MEFU2P1B with PID 26864 (D:\Code\Develop\Java\xfg\s-pay-mall-mvc-dcq\s-pay-mall-web\target\classes started by 咳咳 in D:\Code\Develop\Java\xfg\s-pay-mall-mvc-dcq)
25-05-10.20:39:06.289 [main            ] INFO  Application            - The following 1 profile is active: "dev"
25-05-10.20:39:06.773 [main            ] INFO  TomcatWebServer        - Tomcat initialized with port(s): 8080 (http)
25-05-10.20:39:06.777 [main            ] INFO  Http11NioProtocol      - Initializing ProtocolHandler ["http-nio-8080"]
25-05-10.20:39:06.777 [main            ] INFO  StandardService        - Starting service [Tomcat]
25-05-10.20:39:06.778 [main            ] INFO  StandardEngine         - Starting Servlet engine: [Apache Tomcat/9.0.75]
25-05-10.20:39:06.844 [main            ] INFO  [/]                    - Initializing Spring embedded WebApplicationContext
25-05-10.20:39:06.844 [main            ] INFO  ServletWebServerApplicationContext - Root WebApplicationContext: initialization completed in 537 ms
25-05-10.20:39:07.502 [main            ] INFO  Http11NioProtocol      - Starting ProtocolHandler ["http-nio-8080"]
25-05-10.20:39:07.511 [main            ] INFO  TomcatWebServer        - Tomcat started on port(s): 8080 (http) with context path ''
25-05-10.20:39:07.517 [main            ] INFO  Application            - Started Application in 1.469 seconds (JVM running for 2.04)
25-05-10.20:39:09.013 [scheduling-1    ] INFO  NoPayNotifyOrderJob    - 任务；检测未接收到或未正确处理的支付回调通知
25-05-10.20:39:09.031 [scheduling-1    ] INFO  HikariDataSource       - HikariPool-1 - Starting...
25-05-10.20:39:09.181 [scheduling-1    ] INFO  HikariDataSource       - HikariPool-1 - Start completed.
25-05-10.20:39:12.002 [scheduling-1    ] INFO  NoPayNotifyOrderJob    - 任务；检测未接收到或未正确处理的支付回调通知
25-05-10.20:39:15.001 [scheduling-1    ] INFO  NoPayNotifyOrderJob    - 任务；检测未接收到或未正确处理的支付回调通知
25-05-10.20:39:18.001 [scheduling-1    ] INFO  NoPayNotifyOrderJob    - 任务；检测未接收到或未正确处理的支付回调通知
25-05-10.20:39:21.002 [scheduling-1    ] INFO  NoPayNotifyOrderJob    - 任务；检测未接收到或未正确处理的支付回调通知
25-05-10.20:39:24.001 [scheduling-1    ] INFO  NoPayNotifyOrderJob    - 任务；检测未接收到或未正确处理的支付回调通知
25-05-10.20:39:27.001 [scheduling-1    ] INFO  NoPayNotifyOrderJob    - 任务；检测未接收到或未正确处理的支付回调通知
25-05-10.20:39:30.002 [scheduling-1    ] INFO  NoPayNotifyOrderJob    - 任务；检测未接收到或未正确处理的支付回调通知
25-05-10.20:39:33.001 [scheduling-1    ] INFO  NoPayNotifyOrderJob    - 任务；检测未接收到或未正确处理的支付回调通知
25-05-10.20:39:36.000 [scheduling-1    ] INFO  NoPayNotifyOrderJob    - 任务；检测未接收到或未正确处理的支付回调通知
25-05-10.20:39:39.001 [scheduling-1    ] INFO  NoPayNotifyOrderJob    - 任务；检测未接收到或未正确处理的支付回调通知
25-05-10.20:39:42.001 [scheduling-1    ] INFO  NoPayNotifyOrderJob    - 任务；检测未接收到或未正确处理的支付回调通知
25-05-10.20:39:45.001 [scheduling-1    ] INFO  NoPayNotifyOrderJob    - 任务；检测未接收到或未正确处理的支付回调通知
25-05-10.20:39:48.001 [scheduling-1    ] INFO  NoPayNotifyOrderJob    - 任务；检测未接收到或未正确处理的支付回调通知
25-05-10.20:39:51.002 [scheduling-1    ] INFO  NoPayNotifyOrderJob    - 任务；检测未接收到或未正确处理的支付回调通知
25-05-10.20:39:54.001 [scheduling-1    ] INFO  NoPayNotifyOrderJob    - 任务；检测未接收到或未正确处理的支付回调通知
25-05-10.20:39:57.002 [scheduling-1    ] INFO  NoPayNotifyOrderJob    - 任务；检测未接收到或未正确处理的支付回调通知
25-05-10.20:40:00.001 [scheduling-1    ] INFO  NoPayNotifyOrderJob    - 任务；检测未接收到或未正确处理的支付回调通知
25-05-10.20:40:00.002 [scheduling-1    ] INFO  TimeoutCloseOrderJob   - 任务；超时30分钟订单关闭
25-05-10.20:40:00.003 [scheduling-1    ] INFO  TimeoutCloseOrderJob   - 定时任务，超时30分钟订单关闭，暂无超时未支付订单 orderIds is null
25-05-10.20:40:03.000 [scheduling-1    ] INFO  NoPayNotifyOrderJob    - 任务；检测未接收到或未正确处理的支付回调通知
25-05-10.20:40:06.002 [scheduling-1    ] INFO  NoPayNotifyOrderJob    - 任务；检测未接收到或未正确处理的支付回调通知
25-05-10.20:40:09.001 [scheduling-1    ] INFO  NoPayNotifyOrderJob    - 任务；检测未接收到或未正确处理的支付回调通知
25-05-10.20:40:12.002 [scheduling-1    ] INFO  NoPayNotifyOrderJob    - 任务；检测未接收到或未正确处理的支付回调通知
25-05-10.20:40:15.001 [scheduling-1    ] INFO  NoPayNotifyOrderJob    - 任务；检测未接收到或未正确处理的支付回调通知
25-05-10.20:40:18.001 [scheduling-1    ] INFO  NoPayNotifyOrderJob    - 任务；检测未接收到或未正确处理的支付回调通知
25-05-10.20:40:21.001 [scheduling-1    ] INFO  NoPayNotifyOrderJob    - 任务；检测未接收到或未正确处理的支付回调通知
25-05-10.20:40:24.002 [scheduling-1    ] INFO  NoPayNotifyOrderJob    - 任务；检测未接收到或未正确处理的支付回调通知
25-05-10.20:40:27.002 [scheduling-1    ] INFO  NoPayNotifyOrderJob    - 任务；检测未接收到或未正确处理的支付回调通知
25-05-10.20:40:30.001 [scheduling-1    ] INFO  NoPayNotifyOrderJob    - 任务；检测未接收到或未正确处理的支付回调通知
25-05-10.20:40:33.001 [scheduling-1    ] INFO  NoPayNotifyOrderJob    - 任务；检测未接收到或未正确处理的支付回调通知
25-05-10.20:40:36.002 [scheduling-1    ] INFO  NoPayNotifyOrderJob    - 任务；检测未接收到或未正确处理的支付回调通知
25-05-10.20:40:37.460 [SpringApplicationShutdownHook] INFO  HikariDataSource       - HikariPool-1 - Shutdown initiated...
25-05-10.20:40:37.462 [SpringApplicationShutdownHook] INFO  HikariDataSource       - HikariPool-1 - Shutdown completed.
25-05-10.20:42:38.852 [main            ] INFO  Application            - Starting Application using Java 1.8.0_202 on LAPTOP-MEFU2P1B with PID 28664 (D:\Code\Develop\Java\xfg\s-pay-mall-mvc-dcq\s-pay-mall-web\target\classes started by 咳咳 in D:\Code\Develop\Java\xfg\s-pay-mall-mvc-dcq)
25-05-10.20:42:38.855 [main            ] INFO  Application            - The following 1 profile is active: "dev"
25-05-10.20:42:39.340 [main            ] INFO  TomcatWebServer        - Tomcat initialized with port(s): 8080 (http)
25-05-10.20:42:39.344 [main            ] INFO  Http11NioProtocol      - Initializing ProtocolHandler ["http-nio-8080"]
25-05-10.20:42:39.344 [main            ] INFO  StandardService        - Starting service [Tomcat]
25-05-10.20:42:39.344 [main            ] INFO  StandardEngine         - Starting Servlet engine: [Apache Tomcat/9.0.75]
25-05-10.20:42:39.410 [main            ] INFO  [/]                    - Initializing Spring embedded WebApplicationContext
25-05-10.20:42:39.410 [main            ] INFO  ServletWebServerApplicationContext - Root WebApplicationContext: initialization completed in 529 ms
25-05-10.20:42:40.082 [main            ] INFO  Http11NioProtocol      - Starting ProtocolHandler ["http-nio-8080"]
25-05-10.20:42:40.091 [main            ] INFO  TomcatWebServer        - Tomcat started on port(s): 8080 (http) with context path ''
25-05-10.20:42:40.098 [main            ] INFO  Application            - Started Application in 1.53 seconds (JVM running for 2.209)
25-05-10.20:42:42.002 [scheduling-1    ] INFO  NoPayNotifyOrderJob    - 任务；检测未接收到或未正确处理的支付回调通知
25-05-10.20:42:42.009 [scheduling-1    ] INFO  HikariDataSource       - HikariPool-1 - Starting...
25-05-10.20:42:42.104 [scheduling-1    ] INFO  HikariDataSource       - HikariPool-1 - Start completed.
25-05-10.20:42:45.001 [scheduling-1    ] INFO  NoPayNotifyOrderJob    - 任务；检测未接收到或未正确处理的支付回调通知
25-05-10.20:42:48.002 [scheduling-1    ] INFO  NoPayNotifyOrderJob    - 任务；检测未接收到或未正确处理的支付回调通知
25-05-10.20:42:51.001 [scheduling-1    ] INFO  NoPayNotifyOrderJob    - 任务；检测未接收到或未正确处理的支付回调通知
25-05-10.20:42:54.002 [scheduling-1    ] INFO  NoPayNotifyOrderJob    - 任务；检测未接收到或未正确处理的支付回调通知
25-05-10.20:42:57.001 [scheduling-1    ] INFO  NoPayNotifyOrderJob    - 任务；检测未接收到或未正确处理的支付回调通知
25-05-10.20:43:00.002 [scheduling-1    ] INFO  NoPayNotifyOrderJob    - 任务；检测未接收到或未正确处理的支付回调通知
25-05-10.20:43:03.002 [scheduling-1    ] INFO  NoPayNotifyOrderJob    - 任务；检测未接收到或未正确处理的支付回调通知
25-05-10.20:43:06.001 [scheduling-1    ] INFO  NoPayNotifyOrderJob    - 任务；检测未接收到或未正确处理的支付回调通知
25-05-10.20:43:09.002 [scheduling-1    ] INFO  NoPayNotifyOrderJob    - 任务；检测未接收到或未正确处理的支付回调通知
25-05-10.20:43:12.002 [scheduling-1    ] INFO  NoPayNotifyOrderJob    - 任务；检测未接收到或未正确处理的支付回调通知
25-05-10.20:43:15.001 [scheduling-1    ] INFO  NoPayNotifyOrderJob    - 任务；检测未接收到或未正确处理的支付回调通知
25-05-10.20:43:18.002 [scheduling-1    ] INFO  NoPayNotifyOrderJob    - 任务；检测未接收到或未正确处理的支付回调通知
25-05-10.20:43:21.001 [scheduling-1    ] INFO  NoPayNotifyOrderJob    - 任务；检测未接收到或未正确处理的支付回调通知
25-05-10.20:43:24.002 [scheduling-1    ] INFO  NoPayNotifyOrderJob    - 任务；检测未接收到或未正确处理的支付回调通知
25-05-10.20:43:27.001 [scheduling-1    ] INFO  NoPayNotifyOrderJob    - 任务；检测未接收到或未正确处理的支付回调通知
25-05-10.20:43:30.001 [scheduling-1    ] INFO  NoPayNotifyOrderJob    - 任务；检测未接收到或未正确处理的支付回调通知
25-05-10.20:43:33.001 [scheduling-1    ] INFO  NoPayNotifyOrderJob    - 任务；检测未接收到或未正确处理的支付回调通知
25-05-10.20:43:36.002 [scheduling-1    ] INFO  NoPayNotifyOrderJob    - 任务；检测未接收到或未正确处理的支付回调通知
25-05-10.20:43:39.001 [scheduling-1    ] INFO  NoPayNotifyOrderJob    - 任务；检测未接收到或未正确处理的支付回调通知
25-05-10.20:43:42.001 [scheduling-1    ] INFO  NoPayNotifyOrderJob    - 任务；检测未接收到或未正确处理的支付回调通知
25-05-10.20:43:45.001 [scheduling-1    ] INFO  NoPayNotifyOrderJob    - 任务；检测未接收到或未正确处理的支付回调通知
25-05-10.20:43:48.001 [scheduling-1    ] INFO  NoPayNotifyOrderJob    - 任务；检测未接收到或未正确处理的支付回调通知
25-05-10.20:43:51.001 [scheduling-1    ] INFO  NoPayNotifyOrderJob    - 任务；检测未接收到或未正确处理的支付回调通知
25-05-10.20:43:54.002 [scheduling-1    ] INFO  NoPayNotifyOrderJob    - 任务；检测未接收到或未正确处理的支付回调通知
25-05-10.20:43:57.001 [scheduling-1    ] INFO  NoPayNotifyOrderJob    - 任务；检测未接收到或未正确处理的支付回调通知
25-05-10.20:44:00.000 [scheduling-1    ] INFO  NoPayNotifyOrderJob    - 任务；检测未接收到或未正确处理的支付回调通知
25-05-10.20:44:03.001 [scheduling-1    ] INFO  NoPayNotifyOrderJob    - 任务；检测未接收到或未正确处理的支付回调通知
25-05-10.20:44:06.001 [scheduling-1    ] INFO  NoPayNotifyOrderJob    - 任务；检测未接收到或未正确处理的支付回调通知
25-05-10.20:44:09.002 [scheduling-1    ] INFO  NoPayNotifyOrderJob    - 任务；检测未接收到或未正确处理的支付回调通知
25-05-10.20:44:12.000 [scheduling-1    ] INFO  NoPayNotifyOrderJob    - 任务；检测未接收到或未正确处理的支付回调通知
25-05-10.20:44:15.001 [scheduling-1    ] INFO  NoPayNotifyOrderJob    - 任务；检测未接收到或未正确处理的支付回调通知
25-05-10.20:44:18.002 [scheduling-1    ] INFO  NoPayNotifyOrderJob    - 任务；检测未接收到或未正确处理的支付回调通知
25-05-10.20:44:21.000 [scheduling-1    ] INFO  NoPayNotifyOrderJob    - 任务；检测未接收到或未正确处理的支付回调通知
25-05-10.20:44:24.001 [scheduling-1    ] INFO  NoPayNotifyOrderJob    - 任务；检测未接收到或未正确处理的支付回调通知
25-05-10.20:44:27.001 [scheduling-1    ] INFO  NoPayNotifyOrderJob    - 任务；检测未接收到或未正确处理的支付回调通知
25-05-10.20:44:30.003 [scheduling-1    ] INFO  NoPayNotifyOrderJob    - 任务；检测未接收到或未正确处理的支付回调通知
25-05-10.20:44:33.001 [scheduling-1    ] INFO  NoPayNotifyOrderJob    - 任务；检测未接收到或未正确处理的支付回调通知
25-05-10.20:44:36.001 [scheduling-1    ] INFO  NoPayNotifyOrderJob    - 任务；检测未接收到或未正确处理的支付回调通知
25-05-10.20:44:39.002 [scheduling-1    ] INFO  NoPayNotifyOrderJob    - 任务；检测未接收到或未正确处理的支付回调通知
25-05-10.20:44:42.001 [scheduling-1    ] INFO  NoPayNotifyOrderJob    - 任务；检测未接收到或未正确处理的支付回调通知
25-05-10.20:44:45.002 [scheduling-1    ] INFO  NoPayNotifyOrderJob    - 任务；检测未接收到或未正确处理的支付回调通知
25-05-10.20:44:48.002 [scheduling-1    ] INFO  NoPayNotifyOrderJob    - 任务；检测未接收到或未正确处理的支付回调通知
25-05-10.20:44:51.001 [scheduling-1    ] INFO  NoPayNotifyOrderJob    - 任务；检测未接收到或未正确处理的支付回调通知
25-05-10.20:44:54.002 [scheduling-1    ] INFO  NoPayNotifyOrderJob    - 任务；检测未接收到或未正确处理的支付回调通知
25-05-10.20:44:57.001 [scheduling-1    ] INFO  NoPayNotifyOrderJob    - 任务；检测未接收到或未正确处理的支付回调通知
25-05-10.20:45:00.001 [scheduling-1    ] INFO  NoPayNotifyOrderJob    - 任务；检测未接收到或未正确处理的支付回调通知
25-05-10.20:45:03.002 [scheduling-1    ] INFO  NoPayNotifyOrderJob    - 任务；检测未接收到或未正确处理的支付回调通知
25-05-10.20:45:06.001 [scheduling-1    ] INFO  NoPayNotifyOrderJob    - 任务；检测未接收到或未正确处理的支付回调通知
25-05-10.20:45:09.001 [scheduling-1    ] INFO  NoPayNotifyOrderJob    - 任务；检测未接收到或未正确处理的支付回调通知
25-05-10.20:45:12.002 [scheduling-1    ] INFO  NoPayNotifyOrderJob    - 任务；检测未接收到或未正确处理的支付回调通知
25-05-10.20:45:15.002 [scheduling-1    ] INFO  NoPayNotifyOrderJob    - 任务；检测未接收到或未正确处理的支付回调通知
25-05-10.20:45:18.001 [scheduling-1    ] INFO  NoPayNotifyOrderJob    - 任务；检测未接收到或未正确处理的支付回调通知
25-05-10.20:45:21.002 [scheduling-1    ] INFO  NoPayNotifyOrderJob    - 任务；检测未接收到或未正确处理的支付回调通知
25-05-10.20:45:24.001 [scheduling-1    ] INFO  NoPayNotifyOrderJob    - 任务；检测未接收到或未正确处理的支付回调通知
25-05-10.20:45:27.001 [scheduling-1    ] INFO  NoPayNotifyOrderJob    - 任务；检测未接收到或未正确处理的支付回调通知
25-05-10.20:45:30.001 [scheduling-1    ] INFO  NoPayNotifyOrderJob    - 任务；检测未接收到或未正确处理的支付回调通知
25-05-10.20:45:33.001 [scheduling-1    ] INFO  NoPayNotifyOrderJob    - 任务；检测未接收到或未正确处理的支付回调通知
25-05-10.20:45:36.002 [scheduling-1    ] INFO  NoPayNotifyOrderJob    - 任务；检测未接收到或未正确处理的支付回调通知
25-05-10.20:45:39.002 [scheduling-1    ] INFO  NoPayNotifyOrderJob    - 任务；检测未接收到或未正确处理的支付回调通知
25-05-10.20:45:42.000 [scheduling-1    ] INFO  NoPayNotifyOrderJob    - 任务；检测未接收到或未正确处理的支付回调通知
25-05-10.20:45:45.002 [scheduling-1    ] INFO  NoPayNotifyOrderJob    - 任务；检测未接收到或未正确处理的支付回调通知
25-05-10.20:45:48.002 [scheduling-1    ] INFO  NoPayNotifyOrderJob    - 任务；检测未接收到或未正确处理的支付回调通知
25-05-10.20:45:51.002 [scheduling-1    ] INFO  NoPayNotifyOrderJob    - 任务；检测未接收到或未正确处理的支付回调通知
25-05-10.20:45:54.001 [scheduling-1    ] INFO  NoPayNotifyOrderJob    - 任务；检测未接收到或未正确处理的支付回调通知
25-05-10.20:45:57.001 [scheduling-1    ] INFO  NoPayNotifyOrderJob    - 任务；检测未接收到或未正确处理的支付回调通知
25-05-10.20:46:00.002 [scheduling-1    ] INFO  NoPayNotifyOrderJob    - 任务；检测未接收到或未正确处理的支付回调通知
25-05-10.20:46:03.000 [scheduling-1    ] INFO  NoPayNotifyOrderJob    - 任务；检测未接收到或未正确处理的支付回调通知
25-05-10.20:46:06.001 [scheduling-1    ] INFO  NoPayNotifyOrderJob    - 任务；检测未接收到或未正确处理的支付回调通知
25-05-10.20:46:09.001 [scheduling-1    ] INFO  NoPayNotifyOrderJob    - 任务；检测未接收到或未正确处理的支付回调通知
25-05-10.20:46:12.001 [scheduling-1    ] INFO  NoPayNotifyOrderJob    - 任务；检测未接收到或未正确处理的支付回调通知
25-05-10.20:46:15.002 [scheduling-1    ] INFO  NoPayNotifyOrderJob    - 任务；检测未接收到或未正确处理的支付回调通知
25-05-10.20:46:18.001 [scheduling-1    ] INFO  NoPayNotifyOrderJob    - 任务；检测未接收到或未正确处理的支付回调通知
25-05-10.20:46:21.001 [scheduling-1    ] INFO  NoPayNotifyOrderJob    - 任务；检测未接收到或未正确处理的支付回调通知
25-05-10.20:46:24.002 [scheduling-1    ] INFO  NoPayNotifyOrderJob    - 任务；检测未接收到或未正确处理的支付回调通知
25-05-10.20:46:27.001 [scheduling-1    ] INFO  NoPayNotifyOrderJob    - 任务；检测未接收到或未正确处理的支付回调通知
25-05-10.20:46:30.002 [scheduling-1    ] INFO  NoPayNotifyOrderJob    - 任务；检测未接收到或未正确处理的支付回调通知
25-05-10.20:46:33.001 [scheduling-1    ] INFO  NoPayNotifyOrderJob    - 任务；检测未接收到或未正确处理的支付回调通知
25-05-10.20:46:36.001 [scheduling-1    ] INFO  NoPayNotifyOrderJob    - 任务；检测未接收到或未正确处理的支付回调通知
25-05-10.20:46:39.002 [scheduling-1    ] INFO  NoPayNotifyOrderJob    - 任务；检测未接收到或未正确处理的支付回调通知
25-05-10.20:46:42.001 [scheduling-1    ] INFO  NoPayNotifyOrderJob    - 任务；检测未接收到或未正确处理的支付回调通知
25-05-10.20:46:42.213 [http-nio-8080-exec-2] INFO  [/]                    - Initializing Spring DispatcherServlet 'dispatcherServlet'
25-05-10.20:46:42.213 [http-nio-8080-exec-2] INFO  DispatcherServlet      - Initializing Servlet 'dispatcherServlet'
25-05-10.20:46:42.214 [http-nio-8080-exec-2] INFO  DispatcherServlet      - Completed initialization in 1 ms
25-05-10.20:46:43.138 [http-nio-8080-exec-2] INFO  LoginController        - 生成微信扫码登录 ticket:gQGf8DwAAAAAAAAAAS5odHRwOi8vd2VpeGluLnFxLmNvbS9xLzAyekJqNE5fYmplVkoxdVJuNjFFMTUAAgS1Sh9oAwQAjScA
25-05-10.20:46:45.001 [scheduling-1    ] INFO  NoPayNotifyOrderJob    - 任务；检测未接收到或未正确处理的支付回调通知
25-05-10.20:46:48.002 [scheduling-1    ] INFO  NoPayNotifyOrderJob    - 任务；检测未接收到或未正确处理的支付回调通知
25-05-10.20:46:51.001 [scheduling-1    ] INFO  NoPayNotifyOrderJob    - 任务；检测未接收到或未正确处理的支付回调通知
25-05-10.20:46:54.001 [scheduling-1    ] INFO  NoPayNotifyOrderJob    - 任务；检测未接收到或未正确处理的支付回调通知
25-05-10.20:46:57.002 [scheduling-1    ] INFO  NoPayNotifyOrderJob    - 任务；检测未接收到或未正确处理的支付回调通知
25-05-10.20:47:00.001 [scheduling-1    ] INFO  NoPayNotifyOrderJob    - 任务；检测未接收到或未正确处理的支付回调通知
25-05-10.20:47:03.001 [scheduling-1    ] INFO  NoPayNotifyOrderJob    - 任务；检测未接收到或未正确处理的支付回调通知
25-05-10.20:47:06.001 [scheduling-1    ] INFO  NoPayNotifyOrderJob    - 任务；检测未接收到或未正确处理的支付回调通知
25-05-10.20:47:09.001 [scheduling-1    ] INFO  NoPayNotifyOrderJob    - 任务；检测未接收到或未正确处理的支付回调通知
25-05-10.20:47:12.002 [scheduling-1    ] INFO  NoPayNotifyOrderJob    - 任务；检测未接收到或未正确处理的支付回调通知
25-05-10.20:47:15.001 [scheduling-1    ] INFO  NoPayNotifyOrderJob    - 任务；检测未接收到或未正确处理的支付回调通知
25-05-10.20:47:18.002 [scheduling-1    ] INFO  NoPayNotifyOrderJob    - 任务；检测未接收到或未正确处理的支付回调通知
25-05-10.20:47:21.001 [scheduling-1    ] INFO  NoPayNotifyOrderJob    - 任务；检测未接收到或未正确处理的支付回调通知
25-05-10.20:47:23.660 [SpringApplicationShutdownHook] INFO  HikariDataSource       - HikariPool-1 - Shutdown initiated...
25-05-10.20:47:23.662 [SpringApplicationShutdownHook] INFO  HikariDataSource       - HikariPool-1 - Shutdown completed.
25-05-10.20:47:26.934 [main            ] INFO  Application            - Starting Application using Java 1.8.0_202 on LAPTOP-MEFU2P1B with PID 27468 (D:\Code\Develop\Java\xfg\s-pay-mall-mvc-dcq\s-pay-mall-web\target\classes started by 咳咳 in D:\Code\Develop\Java\xfg\s-pay-mall-mvc-dcq)
25-05-10.20:47:26.935 [main            ] INFO  Application            - The following 1 profile is active: "dev"
25-05-10.20:47:27.419 [main            ] INFO  TomcatWebServer        - Tomcat initialized with port(s): 8080 (http)
25-05-10.20:47:27.424 [main            ] INFO  Http11NioProtocol      - Initializing ProtocolHandler ["http-nio-8080"]
25-05-10.20:47:27.424 [main            ] INFO  StandardService        - Starting service [Tomcat]
25-05-10.20:47:27.424 [main            ] INFO  StandardEngine         - Starting Servlet engine: [Apache Tomcat/9.0.75]
25-05-10.20:47:27.491 [main            ] INFO  [/]                    - Initializing Spring embedded WebApplicationContext
25-05-10.20:47:27.491 [main            ] INFO  ServletWebServerApplicationContext - Root WebApplicationContext: initialization completed in 537 ms
25-05-10.20:47:28.161 [main            ] INFO  Http11NioProtocol      - Starting ProtocolHandler ["http-nio-8080"]
25-05-10.20:47:28.170 [main            ] INFO  TomcatWebServer        - Tomcat started on port(s): 8080 (http) with context path ''
25-05-10.20:47:28.177 [main            ] INFO  Application            - Started Application in 1.479 seconds (JVM running for 2.035)
25-05-10.20:47:30.001 [scheduling-1    ] INFO  NoPayNotifyOrderJob    - 任务；检测未接收到或未正确处理的支付回调通知
25-05-10.20:47:30.009 [scheduling-1    ] INFO  HikariDataSource       - HikariPool-1 - Starting...
25-05-10.20:47:30.162 [scheduling-1    ] INFO  HikariDataSource       - HikariPool-1 - Start completed.
25-05-10.20:47:33.002 [scheduling-1    ] INFO  NoPayNotifyOrderJob    - 任务；检测未接收到或未正确处理的支付回调通知
25-05-10.20:47:36.002 [scheduling-1    ] INFO  NoPayNotifyOrderJob    - 任务；检测未接收到或未正确处理的支付回调通知
25-05-10.20:47:38.771 [http-nio-8080-exec-1] INFO  [/]                    - Initializing Spring DispatcherServlet 'dispatcherServlet'
25-05-10.20:47:38.771 [http-nio-8080-exec-1] INFO  DispatcherServlet      - Initializing Servlet 'dispatcherServlet'
25-05-10.20:47:38.772 [http-nio-8080-exec-1] INFO  DispatcherServlet      - Completed initialization in 1 ms
25-05-10.20:47:39.001 [scheduling-1    ] INFO  NoPayNotifyOrderJob    - 任务；检测未接收到或未正确处理的支付回调通知
25-05-10.20:47:39.394 [http-nio-8080-exec-1] INFO  LoginController        - 生成微信扫码登录 ticket:gQHy7zwAAAAAAAAAAS5odHRwOi8vd2VpeGluLnFxLmNvbS9xLzAyeWczOE16YmplVkoxdkpuNmhFMW8AAgTtSh9oAwQAjScA
25-05-10.20:47:42.002 [scheduling-1    ] INFO  NoPayNotifyOrderJob    - 任务；检测未接收到或未正确处理的支付回调通知
25-05-10.20:47:42.505 [http-nio-8080-exec-3] INFO  LoginController        - 扫码检测登录结果 ticket:gQHy7zwAAAAAAAAAAS5odHRwOi8vd2VpeGluLnFxLmNvbS9xLzAyeWczOE16YmplVkoxdkpuNmhFMW8AAgTtSh9oAwQAjScA openidToken:null
25-05-10.20:47:45.001 [scheduling-1    ] INFO  NoPayNotifyOrderJob    - 任务；检测未接收到或未正确处理的支付回调通知
25-05-10.20:47:45.486 [http-nio-8080-exec-2] INFO  LoginController        - 扫码检测登录结果 ticket:gQHy7zwAAAAAAAAAAS5odHRwOi8vd2VpeGluLnFxLmNvbS9xLzAyeWczOE16YmplVkoxdkpuNmhFMW8AAgTtSh9oAwQAjScA openidToken:null
25-05-10.20:47:48.002 [scheduling-1    ] INFO  NoPayNotifyOrderJob    - 任务；检测未接收到或未正确处理的支付回调通知
25-05-10.20:47:48.466 [http-nio-8080-exec-4] INFO  LoginController        - 扫码检测登录结果 ticket:gQHy7zwAAAAAAAAAAS5odHRwOi8vd2VpeGluLnFxLmNvbS9xLzAyeWczOE16YmplVkoxdkpuNmhFMW8AAgTtSh9oAwQAjScA openidToken:null
25-05-10.20:47:50.259 [http-nio-8080-exec-5] INFO  WeixinPortalController - 接收微信公众号信息请求oC9O57RFB4BQaXgMP7nmQXejGB5M开始 <xml><ToUserName><![CDATA[gh_2b28b39f45f4]]></ToUserName>
<FromUserName><![CDATA[oC9O57RFB4BQaXgMP7nmQXejGB5M]]></FromUserName>
<CreateTime>1746881272</CreateTime>
<MsgType><![CDATA[event]]></MsgType>
<Event><![CDATA[SCAN]]></Event>
<EventKey><![CDATA[100601]]></EventKey>
<Ticket><![CDATA[gQHy7zwAAAAAAAAAAS5odHRwOi8vd2VpeGluLnFxLmNvbS9xLzAyeWczOE16YmplVkoxdkpuNmhFMW8AAgTtSh9oAwQAjScA]]></Ticket>
</xml>
25-05-10.20:47:51.001 [scheduling-1    ] INFO  NoPayNotifyOrderJob    - 任务；检测未接收到或未正确处理的支付回调通知
25-05-10.20:47:51.469 [http-nio-8080-exec-6] INFO  LoginController        - 扫码检测登录结果 ticket:gQHy7zwAAAAAAAAAAS5odHRwOi8vd2VpeGluLnFxLmNvbS9xLzAyeWczOE16YmplVkoxdkpuNmhFMW8AAgTtSh9oAwQAjScA openidToken:oC9O57RFB4BQaXgMP7nmQXejGB5M
25-05-10.20:47:51.655 [http-nio-8080-exec-8] INFO  WeixinPortalController - 接收微信公众号信息请求oC9O57RFB4BQaXgMP7nmQXejGB5M开始 <xml><ToUserName><![CDATA[gh_2b28b39f45f4]]></ToUserName>
<FromUserName><![CDATA[oC9O57RFB4BQaXgMP7nmQXejGB5M]]></FromUserName>
<CreateTime>1746881273</CreateTime>
<MsgType><![CDATA[event]]></MsgType>
<Event><![CDATA[TEMPLATESENDJOBFINISH]]></Event>
<MsgID>3981048840676933636</MsgID>
<Status><![CDATA[success]]></Status>
</xml>
25-05-10.20:47:54.001 [scheduling-1    ] INFO  NoPayNotifyOrderJob    - 任务；检测未接收到或未正确处理的支付回调通知
25-05-10.20:47:55.669 [http-nio-8080-exec-1] INFO  AliPayController       - 商品下单，根据商品ID创建支付单开始 userId:oC9O57RFB4BQaXgMP7nmQXejGB5M productId:oC9O57RFB4BQaXgMP7nmQXejGB5M
25-05-10.20:47:55.822 [http-nio-8080-exec-1] INFO  AliPayController       - 商品下单，根据商品ID创建支付单完成 userId:oC9O57RFB4BQaXgMP7nmQXejGB5M productId:100010090091 orderId:7717622264829568
25-05-10.20:47:57.001 [scheduling-1    ] INFO  NoPayNotifyOrderJob    - 任务；检测未接收到或未正确处理的支付回调通知
25-05-10.20:48:00.002 [scheduling-1    ] INFO  NoPayNotifyOrderJob    - 任务；检测未接收到或未正确处理的支付回调通知
25-05-10.20:48:03.002 [scheduling-1    ] INFO  NoPayNotifyOrderJob    - 任务；检测未接收到或未正确处理的支付回调通知
25-05-10.20:48:06.001 [scheduling-1    ] INFO  NoPayNotifyOrderJob    - 任务；检测未接收到或未正确处理的支付回调通知
25-05-10.20:48:09.001 [scheduling-1    ] INFO  NoPayNotifyOrderJob    - 任务；检测未接收到或未正确处理的支付回调通知
25-05-10.20:48:12.001 [scheduling-1    ] INFO  NoPayNotifyOrderJob    - 任务；检测未接收到或未正确处理的支付回调通知
25-05-10.20:48:15.002 [scheduling-1    ] INFO  NoPayNotifyOrderJob    - 任务；检测未接收到或未正确处理的支付回调通知
25-05-10.20:48:18.001 [scheduling-1    ] INFO  NoPayNotifyOrderJob    - 任务；检测未接收到或未正确处理的支付回调通知
25-05-10.20:48:20.577 [http-nio-8080-exec-3] INFO  AliPayController       - 支付回调，消息接收 TRADE_SUCCESS
25-05-10.20:48:20.579 [http-nio-8080-exec-3] INFO  AliPayController       - 支付回调，交易名称: 测试商品
25-05-10.20:48:20.579 [http-nio-8080-exec-3] INFO  AliPayController       - 支付回调，交易状态: TRADE_SUCCESS
25-05-10.20:48:20.579 [http-nio-8080-exec-3] INFO  AliPayController       - 支付回调，支付宝交易凭证号: 2025051022001436290506197012
25-05-10.20:48:20.579 [http-nio-8080-exec-3] INFO  AliPayController       - 支付回调，商户订单号: 7717622264829568
25-05-10.20:48:20.579 [http-nio-8080-exec-3] INFO  AliPayController       - 支付回调，交易金额: 1.68
25-05-10.20:48:20.580 [http-nio-8080-exec-3] INFO  AliPayController       - 支付回调，买家在支付宝唯一id: 2088722067136291
25-05-10.20:48:20.580 [http-nio-8080-exec-3] INFO  AliPayController       - 支付回调，买家付款时间: 2025-05-10 20:48:20
25-05-10.20:48:20.580 [http-nio-8080-exec-3] INFO  AliPayController       - 支付回调，买家付款金额: 1.68
25-05-10.20:48:20.580 [http-nio-8080-exec-3] INFO  AliPayController       - 支付回调，支付回调，更新订单 7717622264829568
25-05-10.20:48:20.608 [http-nio-8080-exec-3] INFO  OrderPaySuccessListener - 收到支付成功消息，可以做接下来的事情，如；发货、充值、开户员、返利 {"orderId":"7717622264829568","status":"PAY_SUCCESS"}
25-05-10.20:48:21.002 [scheduling-1    ] INFO  NoPayNotifyOrderJob    - 任务；检测未接收到或未正确处理的支付回调通知
25-05-10.20:48:24.001 [scheduling-1    ] INFO  NoPayNotifyOrderJob    - 任务；检测未接收到或未正确处理的支付回调通知
25-05-10.20:48:27.002 [scheduling-1    ] INFO  NoPayNotifyOrderJob    - 任务；检测未接收到或未正确处理的支付回调通知
25-05-10.20:48:30.001 [scheduling-1    ] INFO  NoPayNotifyOrderJob    - 任务；检测未接收到或未正确处理的支付回调通知
25-05-10.20:48:33.002 [scheduling-1    ] INFO  NoPayNotifyOrderJob    - 任务；检测未接收到或未正确处理的支付回调通知
25-05-10.20:48:36.001 [scheduling-1    ] INFO  NoPayNotifyOrderJob    - 任务；检测未接收到或未正确处理的支付回调通知
25-05-10.20:48:39.002 [scheduling-1    ] INFO  NoPayNotifyOrderJob    - 任务；检测未接收到或未正确处理的支付回调通知
25-05-10.20:48:42.002 [scheduling-1    ] INFO  NoPayNotifyOrderJob    - 任务；检测未接收到或未正确处理的支付回调通知
25-05-10.20:48:45.001 [scheduling-1    ] INFO  NoPayNotifyOrderJob    - 任务；检测未接收到或未正确处理的支付回调通知
25-05-10.20:48:48.002 [scheduling-1    ] INFO  NoPayNotifyOrderJob    - 任务；检测未接收到或未正确处理的支付回调通知
25-05-10.20:48:51.001 [scheduling-1    ] INFO  NoPayNotifyOrderJob    - 任务；检测未接收到或未正确处理的支付回调通知
25-05-10.20:48:54.001 [scheduling-1    ] INFO  NoPayNotifyOrderJob    - 任务；检测未接收到或未正确处理的支付回调通知
25-05-10.20:48:55.898 [SpringApplicationShutdownHook] INFO  HikariDataSource       - HikariPool-1 - Shutdown initiated...
25-05-10.20:48:55.900 [SpringApplicationShutdownHook] INFO  HikariDataSource       - HikariPool-1 - Shutdown completed.
25-05-10.20:48:57.530 [main            ] INFO  Application            - Starting Application using Java 1.8.0_202 on LAPTOP-MEFU2P1B with PID 20932 (D:\Code\Develop\Java\xfg\s-pay-mall-mvc-dcq\s-pay-mall-web\target\classes started by 咳咳 in D:\Code\Develop\Java\xfg\s-pay-mall-mvc-dcq)
25-05-10.20:48:57.532 [main            ] INFO  Application            - The following 1 profile is active: "dev"
25-05-10.20:48:58.015 [main            ] INFO  TomcatWebServer        - Tomcat initialized with port(s): 8080 (http)
25-05-10.20:48:58.020 [main            ] INFO  Http11NioProtocol      - Initializing ProtocolHandler ["http-nio-8080"]
25-05-10.20:48:58.020 [main            ] INFO  StandardService        - Starting service [Tomcat]
25-05-10.20:48:58.020 [main            ] INFO  StandardEngine         - Starting Servlet engine: [Apache Tomcat/9.0.75]
25-05-10.20:48:58.092 [main            ] INFO  [/]                    - Initializing Spring embedded WebApplicationContext
25-05-10.20:48:58.092 [main            ] INFO  ServletWebServerApplicationContext - Root WebApplicationContext: initialization completed in 542 ms
25-05-10.20:48:58.816 [main            ] INFO  Http11NioProtocol      - Starting ProtocolHandler ["http-nio-8080"]
25-05-10.20:48:58.823 [main            ] INFO  TomcatWebServer        - Tomcat started on port(s): 8080 (http) with context path ''
25-05-10.20:48:58.830 [main            ] INFO  Application            - Started Application in 1.528 seconds (JVM running for 2.08)
25-05-10.20:49:00.002 [scheduling-1    ] INFO  NoPayNotifyOrderJob    - 任务；检测未接收到或未正确处理的支付回调通知
25-05-10.20:49:00.021 [scheduling-1    ] INFO  HikariDataSource       - HikariPool-1 - Starting...
25-05-10.20:49:00.167 [scheduling-1    ] INFO  HikariDataSource       - HikariPool-1 - Start completed.
25-05-10.20:49:03.001 [scheduling-1    ] INFO  NoPayNotifyOrderJob    - 任务；检测未接收到或未正确处理的支付回调通知
25-05-10.20:49:06.002 [scheduling-1    ] INFO  NoPayNotifyOrderJob    - 任务；检测未接收到或未正确处理的支付回调通知
25-05-10.20:49:09.002 [scheduling-1    ] INFO  NoPayNotifyOrderJob    - 任务；检测未接收到或未正确处理的支付回调通知
25-05-10.20:49:12.001 [scheduling-1    ] INFO  NoPayNotifyOrderJob    - 任务；检测未接收到或未正确处理的支付回调通知
25-05-10.20:49:15.001 [scheduling-1    ] INFO  NoPayNotifyOrderJob    - 任务；检测未接收到或未正确处理的支付回调通知
25-05-10.20:49:15.593 [http-nio-8080-exec-1] INFO  [/]                    - Initializing Spring DispatcherServlet 'dispatcherServlet'
25-05-10.20:49:15.593 [http-nio-8080-exec-1] INFO  DispatcherServlet      - Initializing Servlet 'dispatcherServlet'
25-05-10.20:49:15.594 [http-nio-8080-exec-1] INFO  DispatcherServlet      - Completed initialization in 1 ms
25-05-10.20:49:16.460 [http-nio-8080-exec-1] INFO  LoginController        - 生成微信扫码登录 ticket:gQGv7zwAAAAAAAAAAS5odHRwOi8vd2VpeGluLnFxLmNvbS9xLzAyd2E5WE5BYmplVkoxdGVvNmhFMVAAAgROSx9oAwQAjScA
25-05-10.20:49:18.002 [scheduling-1    ] INFO  NoPayNotifyOrderJob    - 任务；检测未接收到或未正确处理的支付回调通知
25-05-10.20:49:19.565 [http-nio-8080-exec-2] INFO  LoginController        - 扫码检测登录结果 ticket:gQGv7zwAAAAAAAAAAS5odHRwOi8vd2VpeGluLnFxLmNvbS9xLzAyd2E5WE5BYmplVkoxdGVvNmhFMVAAAgROSx9oAwQAjScA openidToken:null
25-05-10.20:49:21.001 [scheduling-1    ] INFO  NoPayNotifyOrderJob    - 任务；检测未接收到或未正确处理的支付回调通知
25-05-10.20:49:22.540 [http-nio-8080-exec-4] INFO  LoginController        - 扫码检测登录结果 ticket:gQGv7zwAAAAAAAAAAS5odHRwOi8vd2VpeGluLnFxLmNvbS9xLzAyd2E5WE5BYmplVkoxdGVvNmhFMVAAAgROSx9oAwQAjScA openidToken:null
25-05-10.20:49:23.242 [http-nio-8080-exec-10] INFO  WeixinPortalController - 接收微信公众号信息请求oC9O57RFB4BQaXgMP7nmQXejGB5M开始 <xml><ToUserName><![CDATA[gh_2b28b39f45f4]]></ToUserName>
<FromUserName><![CDATA[oC9O57RFB4BQaXgMP7nmQXejGB5M]]></FromUserName>
<CreateTime>1746881365</CreateTime>
<MsgType><![CDATA[event]]></MsgType>
<Event><![CDATA[SCAN]]></Event>
<EventKey><![CDATA[100601]]></EventKey>
<Ticket><![CDATA[gQGv7zwAAAAAAAAAAS5odHRwOi8vd2VpeGluLnFxLmNvbS9xLzAyd2E5WE5BYmplVkoxdGVvNmhFMVAAAgROSx9oAwQAjScA]]></Ticket>
</xml>
25-05-10.20:49:24.002 [scheduling-1    ] INFO  NoPayNotifyOrderJob    - 任务；检测未接收到或未正确处理的支付回调通知
25-05-10.20:49:24.296 [http-nio-8080-exec-6] INFO  WeixinPortalController - 接收微信公众号信息请求oC9O57RFB4BQaXgMP7nmQXejGB5M开始 <xml><ToUserName><![CDATA[gh_2b28b39f45f4]]></ToUserName>
<FromUserName><![CDATA[oC9O57RFB4BQaXgMP7nmQXejGB5M]]></FromUserName>
<CreateTime>1746881366</CreateTime>
<MsgType><![CDATA[event]]></MsgType>
<Event><![CDATA[TEMPLATESENDJOBFINISH]]></Event>
<MsgID>3981050397837459461</MsgID>
<Status><![CDATA[success]]></Status>
</xml>
25-05-10.20:49:25.593 [http-nio-8080-exec-8] INFO  LoginController        - 扫码检测登录结果 ticket:gQGv7zwAAAAAAAAAAS5odHRwOi8vd2VpeGluLnFxLmNvbS9xLzAyd2E5WE5BYmplVkoxdGVvNmhFMVAAAgROSx9oAwQAjScA openidToken:oC9O57RFB4BQaXgMP7nmQXejGB5M
25-05-10.20:49:27.002 [scheduling-1    ] INFO  NoPayNotifyOrderJob    - 任务；检测未接收到或未正确处理的支付回调通知
25-05-10.20:49:27.615 [http-nio-8080-exec-9] INFO  AliPayController       - 商品下单，根据商品ID创建支付单开始 userId:oC9O57RFB4BQaXgMP7nmQXejGB5M productId:oC9O57RFB4BQaXgMP7nmQXejGB5M
25-05-10.20:49:27.681 [http-nio-8080-exec-9] INFO  AliPayController       - 商品下单，根据商品ID创建支付单完成 userId:oC9O57RFB4BQaXgMP7nmQXejGB5M productId:100010090091 orderId:2386410957032942
25-05-10.20:49:30.001 [scheduling-1    ] INFO  NoPayNotifyOrderJob    - 任务；检测未接收到或未正确处理的支付回调通知
25-05-10.20:49:33.001 [scheduling-1    ] INFO  NoPayNotifyOrderJob    - 任务；检测未接收到或未正确处理的支付回调通知
25-05-10.20:49:36.001 [scheduling-1    ] INFO  NoPayNotifyOrderJob    - 任务；检测未接收到或未正确处理的支付回调通知
25-05-10.20:49:39.002 [scheduling-1    ] INFO  NoPayNotifyOrderJob    - 任务；检测未接收到或未正确处理的支付回调通知
25-05-10.20:49:42.001 [scheduling-1    ] INFO  NoPayNotifyOrderJob    - 任务；检测未接收到或未正确处理的支付回调通知
25-05-10.20:49:44.524 [http-nio-8080-exec-1] INFO  AliPayController       - 支付回调，消息接收 TRADE_SUCCESS
25-05-10.20:49:44.524 [http-nio-8080-exec-1] INFO  AliPayController       - 支付回调，交易名称: 测试商品
25-05-10.20:49:44.524 [http-nio-8080-exec-1] INFO  AliPayController       - 支付回调，交易状态: TRADE_SUCCESS
25-05-10.20:49:44.524 [http-nio-8080-exec-1] INFO  AliPayController       - 支付回调，支付宝交易凭证号: 2025051022001436290506198591
25-05-10.20:49:44.524 [http-nio-8080-exec-1] INFO  AliPayController       - 支付回调，商户订单号: 2386410957032942
25-05-10.20:49:44.524 [http-nio-8080-exec-1] INFO  AliPayController       - 支付回调，交易金额: 1.68
25-05-10.20:49:44.524 [http-nio-8080-exec-1] INFO  AliPayController       - 支付回调，买家在支付宝唯一id: 2088722067136291
25-05-10.20:49:44.524 [http-nio-8080-exec-1] INFO  AliPayController       - 支付回调，买家付款时间: 2025-05-10 20:49:44
25-05-10.20:49:44.524 [http-nio-8080-exec-1] INFO  AliPayController       - 支付回调，买家付款金额: 1.68
25-05-10.20:49:44.524 [http-nio-8080-exec-1] INFO  AliPayController       - 支付回调，支付回调，更新订单 2386410957032942
25-05-10.20:49:44.540 [http-nio-8080-exec-1] INFO  OrderPaySuccessListener - 收到支付成功消息，可以做接下来的事情，如；发货、充值、开户员、返利 {"orderId":"2386410957032942","status":"PAY_SUCCESS"}
25-05-10.20:49:45.001 [scheduling-1    ] INFO  NoPayNotifyOrderJob    - 任务；检测未接收到或未正确处理的支付回调通知
25-05-10.20:49:48.001 [scheduling-1    ] INFO  NoPayNotifyOrderJob    - 任务；检测未接收到或未正确处理的支付回调通知
25-05-10.20:49:51.002 [scheduling-1    ] INFO  NoPayNotifyOrderJob    - 任务；检测未接收到或未正确处理的支付回调通知
25-05-10.20:49:54.001 [scheduling-1    ] INFO  NoPayNotifyOrderJob    - 任务；检测未接收到或未正确处理的支付回调通知
25-05-10.20:49:57.002 [scheduling-1    ] INFO  NoPayNotifyOrderJob    - 任务；检测未接收到或未正确处理的支付回调通知
25-05-10.20:50:00.002 [scheduling-1    ] INFO  NoPayNotifyOrderJob    - 任务；检测未接收到或未正确处理的支付回调通知
25-05-10.20:50:00.003 [scheduling-1    ] INFO  TimeoutCloseOrderJob   - 任务；超时30分钟订单关闭
25-05-10.20:50:00.004 [scheduling-1    ] INFO  TimeoutCloseOrderJob   - 定时任务，超时30分钟订单关闭，暂无超时未支付订单 orderIds is null
25-05-10.20:50:03.000 [scheduling-1    ] INFO  NoPayNotifyOrderJob    - 任务；检测未接收到或未正确处理的支付回调通知
25-05-10.20:50:06.002 [scheduling-1    ] INFO  NoPayNotifyOrderJob    - 任务；检测未接收到或未正确处理的支付回调通知
25-05-10.20:50:09.001 [scheduling-1    ] INFO  NoPayNotifyOrderJob    - 任务；检测未接收到或未正确处理的支付回调通知
25-05-10.20:50:12.002 [scheduling-1    ] INFO  NoPayNotifyOrderJob    - 任务；检测未接收到或未正确处理的支付回调通知
25-05-10.20:50:15.001 [scheduling-1    ] INFO  NoPayNotifyOrderJob    - 任务；检测未接收到或未正确处理的支付回调通知
25-05-10.20:50:17.256 [SpringApplicationShutdownHook] INFO  HikariDataSource       - HikariPool-1 - Shutdown initiated...
25-05-10.20:50:17.258 [SpringApplicationShutdownHook] INFO  HikariDataSource       - HikariPool-1 - Shutdown completed.
